2025-09-10 21:30:57,205 - ERROR - Error getting database stats: no such column: n1
2025-09-10 21:31:01,846 - INFO - ====== WebDriver manager ======
2025-09-10 21:31:02,958 - INFO - Get LATEST chromedriver version for google-chrome
2025-09-10 21:31:03,151 - INFO - Get LATEST chromedriver version for google-chrome
2025-09-10 21:31:03,231 - INFO - There is no [win64] chromedriver "140.0.7339.82" for browser google-chrome "140.0.7339" in cache
2025-09-10 21:31:03,232 - INFO - Get LATEST chromedriver version for google-chrome
2025-09-10 21:31:03,695 - INFO - WebDriver version 140.0.7339.82 selected
2025-09-10 21:31:03,703 - INFO - Modern chrome version https://storage.googleapis.com/chrome-for-testing-public/140.0.7339.82/win32/chromedriver-win32.zip
2025-09-10 21:31:03,704 - INFO - About to download new driver from https://storage.googleapis.com/chrome-for-testing-public/140.0.7339.82/win32/chromedriver-win32.zip
2025-09-10 21:31:03,953 - INFO - Driver downloading response is 200
2025-09-10 21:31:11,942 - INFO - Get LATEST chromedriver version for google-chrome
2025-09-10 21:31:14,028 - INFO - Driver has been saved in cache [C:\Users\BK\.wdm\drivers\chromedriver\win64\140.0.7339.82]
2025-09-10 21:31:31,879 - WARNING - No table rows found for 49sResult
2025-09-10 21:31:58,554 - ERROR - Error getting database stats: no such column: n1
2025-09-10 21:31:58,555 - ERROR - Error getting frequent numbers: no such column: n1
2025-09-10 21:31:58,556 - ERROR - Error getting frequent pairs: no such column: n1
2025-09-10 21:31:58,557 - ERROR - Error in hot/cold analysis: no such column: n1
2025-09-10 21:32:14,714 - ERROR - Error getting database stats: no such column: n1
2025-09-10 21:32:14,715 - ERROR - Error getting frequent numbers: no such column: n1
2025-09-10 21:32:14,716 - ERROR - Error getting frequent pairs: no such column: n1
2025-09-10 21:32:14,716 - ERROR - Error in hot/cold analysis: no such column: n1
2025-09-10 21:32:17,957 - ERROR - Error getting database stats: no such column: n1
2025-09-10 21:32:17,958 - ERROR - Error getting frequent numbers: no such column: n1
2025-09-10 21:32:17,960 - ERROR - Error getting frequent pairs: no such column: n1
2025-09-10 21:32:17,962 - ERROR - Error in hot/cold analysis: no such column: n1
2025-09-10 21:34:04,146 - ERROR - Error getting database stats: no such column: n1
2025-09-10 21:34:04,147 - ERROR - Error getting frequent numbers: no such column: n1
2025-09-10 21:34:04,148 - ERROR - Error getting frequent pairs: no such column: n1
2025-09-10 21:34:04,150 - ERROR - Error in hot/cold analysis: no such column: n1
2025-09-10 21:34:29,908 - INFO - ====== WebDriver manager ======
2025-09-10 21:34:31,493 - INFO - Get LATEST chromedriver version for google-chrome
2025-09-10 21:34:31,560 - INFO - Get LATEST chromedriver version for google-chrome
2025-09-10 21:34:31,611 - INFO - Driver [C:\Users\BK\.wdm\drivers\chromedriver\win64\140.0.7339.82\chromedriver-win32/chromedriver.exe] found in cache
2025-09-10 21:34:46,088 - WARNING - No table rows found for 49sResult
